Using pre-set license
Built from '2020.3/staging' branch; Version is '2020.3.26f1 (7298b473bc1a) revision 7510196'; Using compiler version '192528614'; Build Type 'Release'
OS: 'Windows 11  (10.0.22000) 64bit Core' Language: 'en' Physical Memory: 16166 MB
BatchMode: 1, IsHumanControllingUs: 0, StartBugReporterOnCrash: 0, Is64bit: 1, IsPro: 0

COMMAND LINE ARGUMENTS:
C:\Program Files\Unity\Hub\Editor\2020.3.26f1\Editor\Unity.exe
-adb2
-batchMode
-noUpm
-name
AssetImportWorker0
-projectPath
C:/Users/LUISE/OneDrive/Documents/GitHub/MegaMan_Game
-logFile
Logs/AssetImportWorker0.log
-srvPort
52071
Successfully changed project path to: C:/Users/LUISE/OneDrive/Documents/GitHub/MegaMan_Game
C:/Users/LUISE/OneDrive/Documents/GitHub/MegaMan_Game
Using Asset Import Pipeline V2.
Refreshing native plugins compatible for Editor in 40.80 ms, found 3 plugins.
Preloading 0 native plugins for Editor in 0.00 ms.
Initialize engine version: 2020.3.26f1 (7298b473bc1a)
[Subsystems] Discovering subsystems at path C:/Program Files/Unity/Hub/Editor/2020.3.26f1/Editor/Data/Resources/UnitySubsystems
[Subsystems] Discovering subsystems at path C:/Users/LUISE/OneDrive/Documents/GitHub/MegaMan_Game/Assets
GfxDevice: creating device client; threaded=0
Direct3D:
    Version:  Direct3D 11.0 [level 11.1]
    Renderer: NVIDIA GeForce RTX 2070 with Max-Q Design (ID=0x1f14)
    Vendor:   
    VRAM:     8031 MB
    Driver:   30.0.15.1165
Initialize mono
Mono path[0] = 'C:/Program Files/Unity/Hub/Editor/2020.3.26f1/Editor/Data/Managed'
Mono path[1] = 'C:/Program Files/Unity/Hub/Editor/2020.3.26f1/Editor/Data/MonoBleedingEdge/lib/mono/unityjit'
Mono config path = 'C:/Program Files/Unity/Hub/Editor/2020.3.26f1/Editor/Data/MonoBleedingEdge/etc'
Using monoOptions --debugger-agent=transport=dt_socket,embedding=1,server=y,suspend=n,address=127.0.0.1:56736
Begin MonoManager ReloadAssembly
Registering precompiled unity dll's ...
Register platform support module: C:/Program Files/Unity/Hub/Editor/2020.3.26f1/Editor/Data/PlaybackEngines/WebGLSupport/UnityEditor.WebGL.Extensions.dll
Register platform support module: C:/Program Files/Unity/Hub/Editor/2020.3.26f1/Editor/Data/PlaybackEngines/WindowsStandaloneSupport/UnityEditor.WindowsStandalone.Extensions.dll
Registered in 0.002356 seconds.
Native extension for WindowsStandalone target not found
Native extension for WebGL target not found
Refreshing native plugins compatible for Editor in 40.53 ms, found 3 plugins.
Preloading 0 native plugins for Editor in 0.00 ms.
Mono: successfully reloaded assembly
- Completed reload, in  0.505 seconds
Domain Reload Profiling:
	ReloadAssembly (505ms)
		BeginReloadAssembly (41ms)
			ExecutionOrderSort (0ms)
			DisableScriptedObjects (0ms)
			BackupInstance (0ms)
			ReleaseScriptingObjects (0ms)
			CreateAndSetChildDomain (1ms)
		EndReloadAssembly (396ms)
			LoadAssemblies (39ms)
			RebuildTransferFunctionScriptingTraits (0ms)
			SetupTypeCache (131ms)
			ReleaseScriptCaches (0ms)
			RebuildScriptCaches (26ms)
			SetupLoadedEditorAssemblies (151ms)
				LogAssemblyErrors (0ms)
				InitializePlatformSupportModulesInManaged (4ms)
				SetLoadedEditorAssemblies (0ms)
				RefreshPlugins (41ms)
				BeforeProcessingInitializeOnLoad (9ms)
				ProcessInitializeOnLoadAttributes (72ms)
				ProcessInitializeOnLoadMethodAttributes (26ms)
				AfterProcessingInitializeOnLoad (0ms)
				EditorAssembliesLoaded (0ms)
			ExecutionOrderSort2 (0ms)
			AwakeInstancesAfterBackupRestoration (0ms)
Platform modules already initialized, skipping
Registering precompiled user dll's ...
Registered in 0.005158 seconds.
Begin MonoManager ReloadAssembly
Native extension for WindowsStandalone target not found
Native extension for WebGL target not found
Refreshing native plugins compatible for Editor in 39.35 ms, found 3 plugins.
Preloading 0 native plugins for Editor in 0.00 ms.
Mono: successfully reloaded assembly
- Completed reload, in  0.960 seconds
Domain Reload Profiling:
	ReloadAssembly (961ms)
		BeginReloadAssembly (118ms)
			ExecutionOrderSort (0ms)
			DisableScriptedObjects (4ms)
			BackupInstance (0ms)
			ReleaseScriptingObjects (0ms)
			CreateAndSetChildDomain (16ms)
		EndReloadAssembly (785ms)
			LoadAssemblies (80ms)
			RebuildTransferFunctionScriptingTraits (0ms)
			SetupTypeCache (269ms)
			ReleaseScriptCaches (0ms)
			RebuildScriptCaches (41ms)
			SetupLoadedEditorAssemblies (280ms)
				LogAssemblyErrors (0ms)
				InitializePlatformSupportModulesInManaged (4ms)
				SetLoadedEditorAssemblies (0ms)
				RefreshPlugins (39ms)
				BeforeProcessingInitializeOnLoad (57ms)
				ProcessInitializeOnLoadAttributes (162ms)
				ProcessInitializeOnLoadMethodAttributes (13ms)
				AfterProcessingInitializeOnLoad (5ms)
				EditorAssembliesLoaded (0ms)
			ExecutionOrderSort2 (0ms)
			AwakeInstancesAfterBackupRestoration (5ms)
Platform modules already initialized, skipping
========================================================================
Worker process is ready to serve import requests
Launched and connected shader compiler UnityShaderCompiler.exe after 0.07 seconds
Refreshing native plugins compatible for Editor in 0.63 ms, found 3 plugins.
Preloading 0 native plugins for Editor in 0.00 ms.
Unloading 2197 Unused Serialized files (Serialized files now loaded: 0)
System memory in use before: 95.9 MB.
System memory in use after: 96.0 MB.

Unloading 28 unused Assets to reduce memory usage. Loaded Objects now: 2630.
Total: 3.830200 ms (FindLiveObjects: 0.145100 ms CreateObjectMapping: 0.074900 ms MarkObjects: 3.554800 ms  DeleteObjects: 0.054500 ms)

AssetImportParameters requested are different than current active one (requested -> active):
  custom:framework-win-MediaFoundation: 216162199b28c13a410421893ffa2e32 -> 
  custom:video-decoder-ogg-theora: a1e56fd34408186e4bbccfd4996cb3dc -> 
  custom:container-muxer-webm: aa71ff27fc2769a1b78a27578f13a17b -> 
  custom:container-demuxer-webm: 4f35f7cbe854078d1ac9338744f61a02 -> 
  custom:container-demuxer-ogg: 62fdf1f143b41e24485cea50d1cbac27 -> 
  custom:video-encoder-webm-vp8: eb34c28f22e8b96e1ab97ce403110664 -> 
  custom:video-codec-MediaFoundation-h265: 746d11721c4dcdbdad8f713fa42b33f4 -> 
  custom:video-decoder-webm-vp8: 9c59270c3fd7afecdb556c50c9e8de78 -> 
  custom:audio-decoder-ogg-vorbis: bf7c407c2cedff20999df2af8eb42d56 -> 
  custom:audio-encoder-webm-vorbis: bf7c407c2cedff20999df2af8eb42d56 -> 
========================================================================
Received Import Request.
  path: Assets/Level Tiles/MEga man tile floors take 2 BIG.png
  artifactKey: Guid(de728e281a73f4a449ea7b940876dcf1) Importer(815301076,1909f56bfc062723c751e8b465ee728b)
Start importing Assets/Level Tiles/MEga man tile floors take 2 BIG.png using Guid(de728e281a73f4a449ea7b940876dcf1) Importer(815301076,1909f56bfc062723c751e8b465ee728b)  -> (artifact id: '2e2339cceed40ddfd5aa492dc8d4a505') in 0.098247 seconds 
  Import took 0.102525 seconds .

========================================================================
Received Import Request.
  Time since last request: 11.142421 seconds.
  path: Assets/Level Tiles/MEga man tile floors take 2.png
  artifactKey: Guid(a4bbb73741e71734491a9e7fe0bcb83b) Importer(815301076,1909f56bfc062723c751e8b465ee728b)
Start importing Assets/Level Tiles/MEga man tile floors take 2.png using Guid(a4bbb73741e71734491a9e7fe0bcb83b) Importer(815301076,1909f56bfc062723c751e8b465ee728b)  -> (artifact id: 'a47a1a56150f2dfb06447c5110d32d07') in 0.016468 seconds 
  Import took 0.021687 seconds .

========================================================================
Received Import Request.
  Time since last request: 17.071993 seconds.
  path: Assets/Level Tiles/MEga man tile floors take 2.png
  artifactKey: Guid(a4bbb73741e71734491a9e7fe0bcb83b) Importer(815301076,1909f56bfc062723c751e8b465ee728b)
Start importing Assets/Level Tiles/MEga man tile floors take 2.png using Guid(a4bbb73741e71734491a9e7fe0bcb83b) Importer(815301076,1909f56bfc062723c751e8b465ee728b)  -> (artifact id: '07fd8f8117d55eeb635b510ee997e824') in 0.009227 seconds 
  Import took 0.014661 seconds .

========================================================================
Received Import Request.
  Time since last request: 114.771894 seconds.
  path: Assets/Level Tiles/MEga man tile floors take 2.png
  artifactKey: Guid(a4bbb73741e71734491a9e7fe0bcb83b) Importer(815301076,1909f56bfc062723c751e8b465ee728b)
Start importing Assets/Level Tiles/MEga man tile floors take 2.png using Guid(a4bbb73741e71734491a9e7fe0bcb83b) Importer(815301076,1909f56bfc062723c751e8b465ee728b)  -> (artifact id: '7fab39e51c5a98c4246c2416c267bbe3') in 0.012320 seconds 
  Import took 0.017584 seconds .

========================================================================
Received Import Request.
  Time since last request: 30.529575 seconds.
  path: Assets/Level Tiles/MEga man tile floors take 2.png
  artifactKey: Guid(a4bbb73741e71734491a9e7fe0bcb83b) Importer(815301076,1909f56bfc062723c751e8b465ee728b)
Start importing Assets/Level Tiles/MEga man tile floors take 2.png using Guid(a4bbb73741e71734491a9e7fe0bcb83b) Importer(815301076,1909f56bfc062723c751e8b465ee728b)  -> (artifact id: '7b3cf4db26e79516b617298e3a2ef36b') in 0.060755 seconds 
  Import took 0.065651 seconds .

========================================================================
Received Import Request.
  Time since last request: 93.888725 seconds.
  path: Assets/Level Tiles/Floor pallette.prefab
  artifactKey: Guid(3807ed447e420f141a578b830e1e44c3) Importer(815301076,1909f56bfc062723c751e8b465ee728b)
Start importing Assets/Level Tiles/Floor pallette.prefab using Guid(3807ed447e420f141a578b830e1e44c3) Importer(815301076,1909f56bfc062723c751e8b465ee728b)  -> (artifact id: 'ed132204d80c6784d5db2b3f90050595') in 0.048542 seconds 
  Import took 0.053699 seconds .

========================================================================
Received Import Request.
  Time since last request: 19.133219 seconds.
  path: Assets/Level Tiles/Floor pallette.prefab
  artifactKey: Guid(3807ed447e420f141a578b830e1e44c3) Importer(815301076,1909f56bfc062723c751e8b465ee728b)
Start importing Assets/Level Tiles/Floor pallette.prefab using Guid(3807ed447e420f141a578b830e1e44c3) Importer(815301076,1909f56bfc062723c751e8b465ee728b)  -> (artifact id: 'ecce989e78b24011fc14d08ed69df6a8') in 0.021473 seconds 
  Import took 0.027972 seconds .

========================================================================
Received Import Request.
  Time since last request: 0.000167 seconds.
  path: Assets/Level Tiles/take 2 1.asset
  artifactKey: Guid(19b74d25d8cd75f43845e24dfe4b772e) Importer(815301076,1909f56bfc062723c751e8b465ee728b)
Start importing Assets/Level Tiles/take 2 1.asset using Guid(19b74d25d8cd75f43845e24dfe4b772e) Importer(815301076,1909f56bfc062723c751e8b465ee728b)  -> (artifact id: '4cb7a3fdafb93744aa0e53a6057170a8') in 0.023485 seconds 
  Import took 0.028827 seconds .

========================================================================
Received Import Request.
  Time since last request: 8.025604 seconds.
  path: Assets/Level Tiles/Floor pallette.prefab
  artifactKey: Guid(3807ed447e420f141a578b830e1e44c3) Importer(815301076,1909f56bfc062723c751e8b465ee728b)
Start importing Assets/Level Tiles/Floor pallette.prefab using Guid(3807ed447e420f141a578b830e1e44c3) Importer(815301076,1909f56bfc062723c751e8b465ee728b)  -> (artifact id: '1686b4cfe9445d72104bea1709f3e6c6') in 0.010721 seconds 
  Import took 0.015894 seconds .

========================================================================
Received Import Request.
  Time since last request: 0.000252 seconds.
  path: Assets/Level Tiles/take 2 2.asset
  artifactKey: Guid(ba08208d9a40b264aab1705a0bf8be91) Importer(815301076,1909f56bfc062723c751e8b465ee728b)
Start importing Assets/Level Tiles/take 2 2.asset using Guid(ba08208d9a40b264aab1705a0bf8be91) Importer(815301076,1909f56bfc062723c751e8b465ee728b)  -> (artifact id: '6f2df742782fab2ab3cdd95bd3f8f052') in 0.010386 seconds 
  Import took 0.016400 seconds .

========================================================================
Received Import Request.
  Time since last request: 10.252445 seconds.
  path: Assets/Level Tiles/Floor pallette.prefab
  artifactKey: Guid(3807ed447e420f141a578b830e1e44c3) Importer(815301076,1909f56bfc062723c751e8b465ee728b)
Start importing Assets/Level Tiles/Floor pallette.prefab using Guid(3807ed447e420f141a578b830e1e44c3) Importer(815301076,1909f56bfc062723c751e8b465ee728b)  -> (artifact id: 'e5692479c4795431aaf10ecbcf0182c4') in 0.010530 seconds 
  Import took 0.015983 seconds .

========================================================================
Received Import Request.
  Time since last request: 0.000231 seconds.
  path: Assets/Level Tiles/take 2 3.asset
  artifactKey: Guid(f94566440d7d87d4c90562141d0bbaa8) Importer(815301076,1909f56bfc062723c751e8b465ee728b)
Start importing Assets/Level Tiles/take 2 3.asset using Guid(f94566440d7d87d4c90562141d0bbaa8) Importer(815301076,1909f56bfc062723c751e8b465ee728b)  -> (artifact id: '2ad87ddf5c57951ca0b0f90a08904df4') in 0.010231 seconds 
  Import took 0.016252 seconds .

========================================================================
Received Import Request.
  Time since last request: 8.510818 seconds.
  path: Assets/Level Tiles/Floor pallette.prefab
  artifactKey: Guid(3807ed447e420f141a578b830e1e44c3) Importer(815301076,1909f56bfc062723c751e8b465ee728b)
Start importing Assets/Level Tiles/Floor pallette.prefab using Guid(3807ed447e420f141a578b830e1e44c3) Importer(815301076,1909f56bfc062723c751e8b465ee728b)  -> (artifact id: '0a222f669666ae0cd0d50b136609b72c') in 0.009454 seconds 
  Import took 0.014455 seconds .

========================================================================
Received Import Request.
  Time since last request: 0.000207 seconds.
  path: Assets/Level Tiles/take 2 4.asset
  artifactKey: Guid(ffbcae05d84e7394d8308a3ac0f857ba) Importer(815301076,1909f56bfc062723c751e8b465ee728b)
Start importing Assets/Level Tiles/take 2 4.asset using Guid(ffbcae05d84e7394d8308a3ac0f857ba) Importer(815301076,1909f56bfc062723c751e8b465ee728b)  -> (artifact id: '54d1c1256b3619720dc6321761cb67c5') in 0.011454 seconds 
  Import took 0.016722 seconds .

========================================================================
Received Import Request.
  Time since last request: 6.582609 seconds.
  path: Assets/Level Tiles/Floor pallette.prefab
  artifactKey: Guid(3807ed447e420f141a578b830e1e44c3) Importer(815301076,1909f56bfc062723c751e8b465ee728b)
Start importing Assets/Level Tiles/Floor pallette.prefab using Guid(3807ed447e420f141a578b830e1e44c3) Importer(815301076,1909f56bfc062723c751e8b465ee728b)  -> (artifact id: 'eea0deb3d751a31cf0921655791633b0') in 0.010922 seconds 
  Import took 0.016512 seconds .

========================================================================
Received Import Request.
  Time since last request: 0.000163 seconds.
  path: Assets/Level Tiles/take 2 5.asset
  artifactKey: Guid(a08fbf7c5f3c810438f4b340dff6708e) Importer(815301076,1909f56bfc062723c751e8b465ee728b)
Start importing Assets/Level Tiles/take 2 5.asset using Guid(a08fbf7c5f3c810438f4b340dff6708e) Importer(815301076,1909f56bfc062723c751e8b465ee728b)  -> (artifact id: 'e86a013b960ed11baa51a38401161995') in 0.010788 seconds 
  Import took 0.016961 seconds .

========================================================================
Received Import Request.
  Time since last request: 6.583706 seconds.
  path: Assets/Level Tiles/Floor pallette.prefab
  artifactKey: Guid(3807ed447e420f141a578b830e1e44c3) Importer(815301076,1909f56bfc062723c751e8b465ee728b)
Start importing Assets/Level Tiles/Floor pallette.prefab using Guid(3807ed447e420f141a578b830e1e44c3) Importer(815301076,1909f56bfc062723c751e8b465ee728b)  -> (artifact id: '03b0357b5349e6b4409dde5e82610b21') in 0.011188 seconds 
  Import took 0.016668 seconds .

========================================================================
Received Import Request.
  Time since last request: 0.000245 seconds.
  path: Assets/Level Tiles/take 2 6.asset
  artifactKey: Guid(d46f4293b54615b418107e84ab35d0cb) Importer(815301076,1909f56bfc062723c751e8b465ee728b)
Start importing Assets/Level Tiles/take 2 6.asset using Guid(d46f4293b54615b418107e84ab35d0cb) Importer(815301076,1909f56bfc062723c751e8b465ee728b)  -> (artifact id: '75084cb51b28aa4280d78f789f48b4e2') in 0.010550 seconds 
  Import took 0.015088 seconds .

========================================================================
Received Import Request.
  Time since last request: 8.511524 seconds.
  path: Assets/Level Tiles/Floor pallette.prefab
  artifactKey: Guid(3807ed447e420f141a578b830e1e44c3) Importer(815301076,1909f56bfc062723c751e8b465ee728b)
Start importing Assets/Level Tiles/Floor pallette.prefab using Guid(3807ed447e420f141a578b830e1e44c3) Importer(815301076,1909f56bfc062723c751e8b465ee728b)  -> (artifact id: '123a7e0550d41cea2e758f3e562dbf07') in 0.013725 seconds 
  Import took 0.020190 seconds .

========================================================================
Received Import Request.
  Time since last request: 0.000220 seconds.
  path: Assets/Level Tiles/take 2 7.asset
  artifactKey: Guid(9a0c8f56bb4a6054fbeb42816ec48968) Importer(815301076,1909f56bfc062723c751e8b465ee728b)
Start importing Assets/Level Tiles/take 2 7.asset using Guid(9a0c8f56bb4a6054fbeb42816ec48968) Importer(815301076,1909f56bfc062723c751e8b465ee728b)  -> (artifact id: '33f1cdfdcd3496ddc5b92b3417fdb366') in 0.010813 seconds 
  Import took 0.016178 seconds .

========================================================================
Received Import Request.
  Time since last request: 8.712648 seconds.
  path: Assets/Level Tiles/Floor pallette.prefab
  artifactKey: Guid(3807ed447e420f141a578b830e1e44c3) Importer(815301076,1909f56bfc062723c751e8b465ee728b)
Start importing Assets/Level Tiles/Floor pallette.prefab using Guid(3807ed447e420f141a578b830e1e44c3) Importer(815301076,1909f56bfc062723c751e8b465ee728b)  -> (artifact id: '535b568adf0e8a9ee3658c2c5ea2e0d6') in 0.011930 seconds 
  Import took 0.016023 seconds .

========================================================================
Received Import Request.
  Time since last request: 0.000198 seconds.
  path: Assets/Level Tiles/take 2 8.asset
  artifactKey: Guid(9173672ae91bb7f429d7899ac3c0c41e) Importer(815301076,1909f56bfc062723c751e8b465ee728b)
Start importing Assets/Level Tiles/take 2 8.asset using Guid(9173672ae91bb7f429d7899ac3c0c41e) Importer(815301076,1909f56bfc062723c751e8b465ee728b)  -> (artifact id: 'f3fa209b2b19cf49dc176a3f5a8eb6af') in 0.010365 seconds 
  Import took 0.013635 seconds .

========================================================================
Received Import Request.
  Time since last request: 5296.372992 seconds.
  path: Assets/Level Tiles/health bar color accurate.png
  artifactKey: Guid(c363efd9993613c43ba91f8983849b2b) Importer(815301076,1909f56bfc062723c751e8b465ee728b)
Start importing Assets/Level Tiles/health bar color accurate.png using Guid(c363efd9993613c43ba91f8983849b2b) Importer(815301076,1909f56bfc062723c751e8b465ee728b)  -> (artifact id: '260523ff2f887c43ed9d95899c822b41') in 0.028395 seconds 
  Import took 0.034464 seconds .

========================================================================
Received Import Request.
  Time since last request: 0.000282 seconds.
  path: Assets/Level Tiles/Moving platform actual.png
  artifactKey: Guid(20daacf5fb939e54783713f9be1e5675) Importer(815301076,1909f56bfc062723c751e8b465ee728b)
Start importing Assets/Level Tiles/Moving platform actual.png using Guid(20daacf5fb939e54783713f9be1e5675) Importer(815301076,1909f56bfc062723c751e8b465ee728b)  -> (artifact id: '99ce38e6d8df557c955d4a638c02a4f7') in 0.016528 seconds 
  Import took 0.021557 seconds .

========================================================================
Received Import Request.
  Time since last request: 0.000198 seconds.
  path: Assets/Level Tiles/health bar outline accurate.png
  artifactKey: Guid(30008de9701e30a408fe8d0f3279f599) Importer(815301076,1909f56bfc062723c751e8b465ee728b)
Start importing Assets/Level Tiles/health bar outline accurate.png using Guid(30008de9701e30a408fe8d0f3279f599) Importer(815301076,1909f56bfc062723c751e8b465ee728b)  -> (artifact id: 'e5f22440a2ef3ecde475af1a0d2dcb1b') in 0.015607 seconds 
  Import took 0.021337 seconds .

========================================================================
Received Import Request.
  Time since last request: 60.298280 seconds.
  path: Assets/Level Tiles/ladder tile accurate.png
  artifactKey: Guid(24e0e30e6af67264c9386c4b7e5cdd62) Importer(815301076,1909f56bfc062723c751e8b465ee728b)
Start importing Assets/Level Tiles/ladder tile accurate.png using Guid(24e0e30e6af67264c9386c4b7e5cdd62) Importer(815301076,1909f56bfc062723c751e8b465ee728b)  -> (artifact id: 'd9c79fc5b6326da988a4c514aaed312d') in 0.017397 seconds 
  Import took 0.023127 seconds .

========================================================================
Received Import Request.
  Time since last request: 592.852822 seconds.
  path: Assets/Level Tiles/ladder tile accurate.png
  artifactKey: Guid(24e0e30e6af67264c9386c4b7e5cdd62) Importer(815301076,1909f56bfc062723c751e8b465ee728b)
Start importing Assets/Level Tiles/ladder tile accurate.png using Guid(24e0e30e6af67264c9386c4b7e5cdd62) Importer(815301076,1909f56bfc062723c751e8b465ee728b)  -> (artifact id: 'f521458691a58ee83f1d36378630ee8a') in 0.019672 seconds 
  Import took 0.025029 seconds .

========================================================================
Received Import Request.
  Time since last request: 84.493183 seconds.
  path: Assets/Level Tiles/Level Tiles.prefab
  artifactKey: Guid(e8493af920f673e4395b1d650a2acc1a) Importer(815301076,1909f56bfc062723c751e8b465ee728b)
Start importing Assets/Level Tiles/Level Tiles.prefab using Guid(e8493af920f673e4395b1d650a2acc1a) Importer(815301076,1909f56bfc062723c751e8b465ee728b)  -> (artifact id: '6a184d3a269dea9744acb948d2c95283') in 0.014985 seconds 
  Import took 0.020141 seconds .

========================================================================
Received Import Request.
  Time since last request: 12.152200 seconds.
  path: Assets/Level Tiles/Level Tiles.prefab
  artifactKey: Guid(e8493af920f673e4395b1d650a2acc1a) Importer(815301076,1909f56bfc062723c751e8b465ee728b)
Start importing Assets/Level Tiles/Level Tiles.prefab using Guid(e8493af920f673e4395b1d650a2acc1a) Importer(815301076,1909f56bfc062723c751e8b465ee728b)  -> (artifact id: '1a585503f595ecb4d20c42cae8138ad2') in 0.018716 seconds 
  Import took 0.023914 seconds .

========================================================================
Received Import Request.
  Time since last request: 10.834227 seconds.
  path: Assets/Level Tiles/ladder tile accurate.asset
  artifactKey: Guid(525ff59cd8feeb3439003f5882dfc140) Importer(815301076,1909f56bfc062723c751e8b465ee728b)
Start importing Assets/Level Tiles/ladder tile accurate.asset using Guid(525ff59cd8feeb3439003f5882dfc140) Importer(815301076,1909f56bfc062723c751e8b465ee728b)  -> (artifact id: 'f3994370a0c83e888ad35533f4911586') in 0.009950 seconds 
  Import took 0.015104 seconds .

========================================================================
Received Import Request.
  Time since last request: 0.000206 seconds.
  path: Assets/Level Tiles/Level Tiles.prefab
  artifactKey: Guid(e8493af920f673e4395b1d650a2acc1a) Importer(815301076,1909f56bfc062723c751e8b465ee728b)
Start importing Assets/Level Tiles/Level Tiles.prefab using Guid(e8493af920f673e4395b1d650a2acc1a) Importer(815301076,1909f56bfc062723c751e8b465ee728b)  -> (artifact id: 'baae24ffac9419e4234519750387c7b2') in 0.013261 seconds 
  Import took 0.018259 seconds .

========================================================================
Received Prepare
Registering precompiled user dll's ...
Registered in 0.008947 seconds.
Begin MonoManager ReloadAssembly
Native extension for WindowsStandalone target not found
Native extension for WebGL target not found
Refreshing native plugins compatible for Editor in 0.44 ms, found 3 plugins.
Preloading 0 native plugins for Editor in 0.00 ms.
Mono: successfully reloaded assembly
- Completed reload, in  0.855 seconds
Domain Reload Profiling:
	ReloadAssembly (856ms)
		BeginReloadAssembly (94ms)
			ExecutionOrderSort (0ms)
			DisableScriptedObjects (5ms)
			BackupInstance (0ms)
			ReleaseScriptingObjects (0ms)
			CreateAndSetChildDomain (32ms)
		EndReloadAssembly (710ms)
			LoadAssemblies (72ms)
			RebuildTransferFunctionScriptingTraits (0ms)
			SetupTypeCache (258ms)
			ReleaseScriptCaches (1ms)
			RebuildScriptCaches (36ms)
			SetupLoadedEditorAssemblies (255ms)
				LogAssemblyErrors (0ms)
				InitializePlatformSupportModulesInManaged (4ms)
				SetLoadedEditorAssemblies (0ms)
				RefreshPlugins (0ms)
				BeforeProcessingInitializeOnLoad (52ms)
				ProcessInitializeOnLoadAttributes (184ms)
				ProcessInitializeOnLoadMethodAttributes (9ms)
				AfterProcessingInitializeOnLoad (5ms)
				EditorAssembliesLoaded (0ms)
			ExecutionOrderSort2 (0ms)
			AwakeInstancesAfterBackupRestoration (7ms)
Platform modules already initialized, skipping
Refreshing native plugins compatible for Editor in 0.42 ms, found 3 plugins.
Preloading 0 native plugins for Editor in 0.00 ms.
Unloading 2186 Unused Serialized files (Serialized files now loaded: 0)
System memory in use before: 98.3 MB.
System memory in use after: 98.4 MB.

Unloading 17 unused Assets to reduce memory usage. Loaded Objects now: 2649.
Total: 2.493500 ms (FindLiveObjects: 0.145300 ms CreateObjectMapping: 0.070900 ms MarkObjects: 2.262000 ms  DeleteObjects: 0.014600 ms)

AssetImportParameters requested are different than current active one (requested -> active):
  custom:framework-win-MediaFoundation: 216162199b28c13a410421893ffa2e32 -> 
  custom:video-decoder-ogg-theora: a1e56fd34408186e4bbccfd4996cb3dc -> 
  custom:container-muxer-webm: aa71ff27fc2769a1b78a27578f13a17b -> 
  custom:container-demuxer-webm: 4f35f7cbe854078d1ac9338744f61a02 -> 
  custom:container-demuxer-ogg: 62fdf1f143b41e24485cea50d1cbac27 -> 
  custom:video-encoder-webm-vp8: eb34c28f22e8b96e1ab97ce403110664 -> 
  custom:video-codec-MediaFoundation-h265: 746d11721c4dcdbdad8f713fa42b33f4 -> 
  custom:video-decoder-webm-vp8: 9c59270c3fd7afecdb556c50c9e8de78 -> 
  custom:audio-decoder-ogg-vorbis: bf7c407c2cedff20999df2af8eb42d56 -> 
  custom:audio-encoder-webm-vorbis: bf7c407c2cedff20999df2af8eb42d56 -> 
========================================================================
Received Import Request.
  Time since last request: 1861.982093 seconds.
  path: Assets/Level Tiles/rock platform tiles.png
  artifactKey: Guid(c3d9336dd1c544c43a39981d4c540ab6) Importer(815301076,1909f56bfc062723c751e8b465ee728b)
Start importing Assets/Level Tiles/rock platform tiles.png using Guid(c3d9336dd1c544c43a39981d4c540ab6) Importer(815301076,1909f56bfc062723c751e8b465ee728b)  -> (artifact id: 'aa58dd42bf0237502c9314a0827f7d4d') in 0.050501 seconds 
  Import took 0.057108 seconds .

========================================================================
Received Import Request.
  Time since last request: 10.847770 seconds.
  path: Assets/Level Tiles/rock platform tiles 1.png
  artifactKey: Guid(b944062ab6a023c4fad510d0235181ae) Importer(815301076,1909f56bfc062723c751e8b465ee728b)
Start importing Assets/Level Tiles/rock platform tiles 1.png using Guid(b944062ab6a023c4fad510d0235181ae) Importer(815301076,1909f56bfc062723c751e8b465ee728b)  -> (artifact id: '451def5e39026eaf7b42cf322a317249') in 0.014800 seconds 
  Import took 0.020111 seconds .

========================================================================
Received Import Request.
  Time since last request: 26.145795 seconds.
  path: Assets/Level Tiles/rock platform tiles.png
  artifactKey: Guid(c3d9336dd1c544c43a39981d4c540ab6) Importer(815301076,1909f56bfc062723c751e8b465ee728b)
Start importing Assets/Level Tiles/rock platform tiles.png using Guid(c3d9336dd1c544c43a39981d4c540ab6) Importer(815301076,1909f56bfc062723c751e8b465ee728b)  -> (artifact id: '69280fac5072f2b5f11eeaebd6acfa49') in 0.009439 seconds 
  Import took 0.015569 seconds .

========================================================================
Received Import Request.
  Time since last request: 15.124927 seconds.
  path: Assets/Level Tiles/rock platform tiles.png
  artifactKey: Guid(c3d9336dd1c544c43a39981d4c540ab6) Importer(815301076,1909f56bfc062723c751e8b465ee728b)
Start importing Assets/Level Tiles/rock platform tiles.png using Guid(c3d9336dd1c544c43a39981d4c540ab6) Importer(815301076,1909f56bfc062723c751e8b465ee728b)  -> (artifact id: '529b71e899826c78d3fd84e81f29af29') in 0.010058 seconds 
  Import took 0.015506 seconds .

========================================================================
Received Import Request.
  Time since last request: 23.223094 seconds.
  path: Assets/Level Tiles/rock platform tiles.png
  artifactKey: Guid(c3d9336dd1c544c43a39981d4c540ab6) Importer(815301076,1909f56bfc062723c751e8b465ee728b)
Start importing Assets/Level Tiles/rock platform tiles.png using Guid(c3d9336dd1c544c43a39981d4c540ab6) Importer(815301076,1909f56bfc062723c751e8b465ee728b)  -> (artifact id: 'db1e46c3c0720cd751fb5e4db84b06f7') in 0.027729 seconds 
  Import took 0.032453 seconds .

========================================================================
Received Import Request.
  Time since last request: 11.155196 seconds.
  path: Assets/Level Tiles/Level Tiles.prefab
  artifactKey: Guid(e8493af920f673e4395b1d650a2acc1a) Importer(815301076,1909f56bfc062723c751e8b465ee728b)
Start importing Assets/Level Tiles/Level Tiles.prefab using Guid(e8493af920f673e4395b1d650a2acc1a) Importer(815301076,1909f56bfc062723c751e8b465ee728b)  -> (artifact id: 'dc7c4f76d7fc22c5e9504031a1da0419') in 0.034668 seconds 
  Import took 0.040379 seconds .

========================================================================
Received Import Request.
  Time since last request: 0.000194 seconds.
  path: Assets/Level Tiles/rock platform tiles_0.asset
  artifactKey: Guid(aa270e5235537514191bbec91b05b697) Importer(815301076,1909f56bfc062723c751e8b465ee728b)
Start importing Assets/Level Tiles/rock platform tiles_0.asset using Guid(aa270e5235537514191bbec91b05b697) Importer(815301076,1909f56bfc062723c751e8b465ee728b)  -> (artifact id: '9f9ccc8f046175413507a0e33fc1fc82') in 0.025053 seconds 
  Import took 0.031124 seconds .

========================================================================
Received Import Request.
  Time since last request: 4.150022 seconds.
  path: Assets/Level Tiles/Level Tiles.prefab
  artifactKey: Guid(e8493af920f673e4395b1d650a2acc1a) Importer(815301076,1909f56bfc062723c751e8b465ee728b)
Start importing Assets/Level Tiles/Level Tiles.prefab using Guid(e8493af920f673e4395b1d650a2acc1a) Importer(815301076,1909f56bfc062723c751e8b465ee728b)  -> (artifact id: '42074be798dff54c6d88af9a0ab9d2c5') in 0.013067 seconds 
  Import took 0.019788 seconds .

========================================================================
Received Import Request.
  Time since last request: 0.000159 seconds.
  path: Assets/Level Tiles/rock platform tiles_1.asset
  artifactKey: Guid(4f2d3792a45defb418a20f715dd39e25) Importer(815301076,1909f56bfc062723c751e8b465ee728b)
Start importing Assets/Level Tiles/rock platform tiles_1.asset using Guid(4f2d3792a45defb418a20f715dd39e25) Importer(815301076,1909f56bfc062723c751e8b465ee728b)  -> (artifact id: '7119612b9dd115fa5d52813de54adf22') in 0.010461 seconds 
  Import took 0.016153 seconds .

========================================================================
Received Import Request.
  Time since last request: 3.733406 seconds.
  path: Assets/Level Tiles/Level Tiles.prefab
  artifactKey: Guid(e8493af920f673e4395b1d650a2acc1a) Importer(815301076,1909f56bfc062723c751e8b465ee728b)
Start importing Assets/Level Tiles/Level Tiles.prefab using Guid(e8493af920f673e4395b1d650a2acc1a) Importer(815301076,1909f56bfc062723c751e8b465ee728b)  -> (artifact id: 'bb4e20e77a18f7925962de4e31d14461') in 0.013914 seconds 
  Import took 0.019611 seconds .

========================================================================
Received Import Request.
  Time since last request: 0.000243 seconds.
  path: Assets/Level Tiles/rock platform tiles_2.asset
  artifactKey: Guid(c8b53a16d15a3574885dba76631b16bf) Importer(815301076,1909f56bfc062723c751e8b465ee728b)
Start importing Assets/Level Tiles/rock platform tiles_2.asset using Guid(c8b53a16d15a3574885dba76631b16bf) Importer(815301076,1909f56bfc062723c751e8b465ee728b)  -> (artifact id: 'ce726be99429cc1204cf54b68c02fedc') in 0.011609 seconds 
  Import took 0.017230 seconds .

========================================================================
Received Import Request.
  Time since last request: 2.988248 seconds.
  path: Assets/Level Tiles/Level Tiles.prefab
  artifactKey: Guid(e8493af920f673e4395b1d650a2acc1a) Importer(815301076,1909f56bfc062723c751e8b465ee728b)
Start importing Assets/Level Tiles/Level Tiles.prefab using Guid(e8493af920f673e4395b1d650a2acc1a) Importer(815301076,1909f56bfc062723c751e8b465ee728b)  -> (artifact id: '04c3200bf8ead6195354ea11a9d58a6a') in 0.018019 seconds 
  Import took 0.025380 seconds .

========================================================================
Received Import Request.
  Time since last request: 0.000182 seconds.
  path: Assets/Level Tiles/rock platform tiles_3.asset
  artifactKey: Guid(89958900061fc1040a425295fb4f66f3) Importer(815301076,1909f56bfc062723c751e8b465ee728b)
Start importing Assets/Level Tiles/rock platform tiles_3.asset using Guid(89958900061fc1040a425295fb4f66f3) Importer(815301076,1909f56bfc062723c751e8b465ee728b)  -> (artifact id: '34035d74bb377da95a190b63904f4f3e') in 0.010542 seconds 
  Import took 0.016852 seconds .

========================================================================
Received Import Request.
  Time since last request: 866.252878 seconds.
  path: Assets/Level Tiles/Ladder palette.prefab
  artifactKey: Guid(132ab3ffb2135894f8e75e20c3e06fa7) Importer(815301076,1909f56bfc062723c751e8b465ee728b)
Start importing Assets/Level Tiles/Ladder palette.prefab using Guid(132ab3ffb2135894f8e75e20c3e06fa7) Importer(815301076,1909f56bfc062723c751e8b465ee728b)  -> (artifact id: 'ad508b57f44f07b440bbd198eb943981') in 0.013622 seconds 
  Import took 0.019405 seconds .

========================================================================
Received Import Request.
  Time since last request: 22.181841 seconds.
  path: Assets/Level Tiles/Ladder palette.prefab
  artifactKey: Guid(132ab3ffb2135894f8e75e20c3e06fa7) Importer(815301076,1909f56bfc062723c751e8b465ee728b)
Start importing Assets/Level Tiles/Ladder palette.prefab using Guid(132ab3ffb2135894f8e75e20c3e06fa7) Importer(815301076,1909f56bfc062723c751e8b465ee728b)  -> (artifact id: 'c398105a3b6e76c19415b219aaba7705') in 0.019656 seconds 
  Import took 0.027522 seconds .

AssetImportWorkerClient::OnTransportError - code=2 error=End of file
